mode: count
github.com/ukrainskykirill/chat-server/internal/api/chats/create.go:12.111,14.16 2 0
github.com/ukrainskykirill/chat-server/internal/api/chats/create.go:14.16,16.3 1 0
github.com/ukrainskykirill/chat-server/internal/api/chats/create.go:18.2,20.8 1 0
github.com/ukrainskykirill/chat-server/internal/api/chats/delete.go:15.104,17.16 2 0
github.com/ukrainskykirill/chat-server/internal/api/chats/delete.go:17.16,18.10 1 0
github.com/ukrainskykirill/chat-server/internal/api/chats/delete.go:19.48,20.57 1 0
github.com/ukrainskykirill/chat-server/internal/api/chats/delete.go:21.11,22.57 1 0
github.com/ukrainskykirill/chat-server/internal/api/chats/delete.go:26.2,26.30 1 0
github.com/ukrainskykirill/chat-server/internal/api/chats/send_message.go:16.114,18.16 2 0
github.com/ukrainskykirill/chat-server/internal/api/chats/send_message.go:18.16,19.10 1 0
github.com/ukrainskykirill/chat-server/internal/api/chats/send_message.go:20.48,21.57 1 0
github.com/ukrainskykirill/chat-server/internal/api/chats/send_message.go:22.52,23.65 1 0
github.com/ukrainskykirill/chat-server/internal/api/chats/send_message.go:24.11,25.57 1 0
github.com/ukrainskykirill/chat-server/internal/api/chats/send_message.go:29.2,29.30 1 0
github.com/ukrainskykirill/chat-server/internal/api/chats/service.go:14.100,19.2 1 0
github.com/ukrainskykirill/chat-server/internal/service/messages/create.go:9.82,11.16 2 0
github.com/ukrainskykirill/chat-server/internal/service/messages/create.go:11.16,13.3 1 0
github.com/ukrainskykirill/chat-server/internal/service/messages/create.go:14.2,17.16 3 0
github.com/ukrainskykirill/chat-server/internal/service/messages/create.go:17.16,19.3 1 0
github.com/ukrainskykirill/chat-server/internal/service/messages/create.go:20.2,20.12 1 0
github.com/ukrainskykirill/chat-server/internal/service/messages/service.go:13.115,18.2 1 0
github.com/ukrainskykirill/chat-server/internal/service/chats/create.go:7.80,11.72 3 0
github.com/ukrainskykirill/chat-server/internal/service/chats/create.go:11.72,14.19 3 0
github.com/ukrainskykirill/chat-server/internal/service/chats/create.go:14.19,16.4 1 0
github.com/ukrainskykirill/chat-server/internal/service/chats/create.go:17.3,18.19 2 0
github.com/ukrainskykirill/chat-server/internal/service/chats/create.go:18.19,20.4 1 0
github.com/ukrainskykirill/chat-server/internal/service/chats/create.go:22.3,22.13 1 0
github.com/ukrainskykirill/chat-server/internal/service/chats/create.go:24.2,24.16 1 0
github.com/ukrainskykirill/chat-server/internal/service/chats/create.go:24.16,26.3 1 0
github.com/ukrainskykirill/chat-server/internal/service/chats/create.go:28.2,28.20 1 0
github.com/ukrainskykirill/chat-server/internal/service/chats/delete.go:7.68,8.72 1 0
github.com/ukrainskykirill/chat-server/internal/service/chats/delete.go:8.72,12.19 3 0
github.com/ukrainskykirill/chat-server/internal/service/chats/delete.go:12.19,14.4 1 0
github.com/ukrainskykirill/chat-server/internal/service/chats/delete.go:16.3,17.19 2 0
github.com/ukrainskykirill/chat-server/internal/service/chats/delete.go:17.19,19.4 1 0
github.com/ukrainskykirill/chat-server/internal/service/chats/delete.go:21.3,22.19 2 0
github.com/ukrainskykirill/chat-server/internal/service/chats/delete.go:22.19,24.4 1 0
github.com/ukrainskykirill/chat-server/internal/service/chats/delete.go:26.3,26.13 1 0
github.com/ukrainskykirill/chat-server/internal/service/chats/delete.go:28.2,28.16 1 0
github.com/ukrainskykirill/chat-server/internal/service/chats/delete.go:28.16,30.3 1 0
github.com/ukrainskykirill/chat-server/internal/service/chats/delete.go:32.2,32.12 1 0
github.com/ukrainskykirill/chat-server/internal/service/chats/service.go:16.136,22.2 1 0
github.com/ukrainskykirill/chat-server/internal/api/chats/create.go:12.111,14.16 2 0
github.com/ukrainskykirill/chat-server/internal/api/chats/create.go:14.16,16.3 1 0
github.com/ukrainskykirill/chat-server/internal/api/chats/create.go:18.2,20.8 1 0
github.com/ukrainskykirill/chat-server/internal/api/chats/delete.go:15.104,17.16 2 0
github.com/ukrainskykirill/chat-server/internal/api/chats/delete.go:17.16,18.10 1 0
github.com/ukrainskykirill/chat-server/internal/api/chats/delete.go:19.48,20.57 1 0
github.com/ukrainskykirill/chat-server/internal/api/chats/delete.go:21.11,22.57 1 0
github.com/ukrainskykirill/chat-server/internal/api/chats/delete.go:26.2,26.30 1 0
github.com/ukrainskykirill/chat-server/internal/api/chats/send_message.go:16.114,18.16 2 0
github.com/ukrainskykirill/chat-server/internal/api/chats/send_message.go:18.16,19.10 1 0
github.com/ukrainskykirill/chat-server/internal/api/chats/send_message.go:20.48,21.57 1 0
github.com/ukrainskykirill/chat-server/internal/api/chats/send_message.go:22.52,23.65 1 0
github.com/ukrainskykirill/chat-server/internal/api/chats/send_message.go:24.11,25.57 1 0
github.com/ukrainskykirill/chat-server/internal/api/chats/send_message.go:29.2,29.30 1 0
github.com/ukrainskykirill/chat-server/internal/api/chats/service.go:14.100,19.2 1 0
github.com/ukrainskykirill/chat-server/internal/service/chats/create.go:7.80,11.72 3 15
github.com/ukrainskykirill/chat-server/internal/service/chats/create.go:11.72,14.19 3 15
github.com/ukrainskykirill/chat-server/internal/service/chats/create.go:14.19,16.4 1 5
github.com/ukrainskykirill/chat-server/internal/service/chats/create.go:17.3,18.19 2 10
github.com/ukrainskykirill/chat-server/internal/service/chats/create.go:18.19,20.4 1 5
github.com/ukrainskykirill/chat-server/internal/service/chats/create.go:22.3,22.13 1 5
github.com/ukrainskykirill/chat-server/internal/service/chats/create.go:24.2,24.16 1 15
github.com/ukrainskykirill/chat-server/internal/service/chats/create.go:24.16,26.3 1 10
github.com/ukrainskykirill/chat-server/internal/service/chats/create.go:28.2,28.20 1 5
github.com/ukrainskykirill/chat-server/internal/service/chats/delete.go:7.68,8.72 1 20
github.com/ukrainskykirill/chat-server/internal/service/chats/delete.go:8.72,12.19 3 20
github.com/ukrainskykirill/chat-server/internal/service/chats/delete.go:12.19,14.4 1 5
github.com/ukrainskykirill/chat-server/internal/service/chats/delete.go:16.3,17.19 2 15
github.com/ukrainskykirill/chat-server/internal/service/chats/delete.go:17.19,19.4 1 5
github.com/ukrainskykirill/chat-server/internal/service/chats/delete.go:21.3,22.19 2 10
github.com/ukrainskykirill/chat-server/internal/service/chats/delete.go:22.19,24.4 1 5
github.com/ukrainskykirill/chat-server/internal/service/chats/delete.go:26.3,26.13 1 5
github.com/ukrainskykirill/chat-server/internal/service/chats/delete.go:28.2,28.16 1 20
github.com/ukrainskykirill/chat-server/internal/service/chats/delete.go:28.16,30.3 1 15
github.com/ukrainskykirill/chat-server/internal/service/chats/delete.go:32.2,32.12 1 5
github.com/ukrainskykirill/chat-server/internal/service/chats/service.go:16.136,22.2 1 35
github.com/ukrainskykirill/chat-server/internal/service/messages/create.go:9.82,11.16 2 0
github.com/ukrainskykirill/chat-server/internal/service/messages/create.go:11.16,13.3 1 0
github.com/ukrainskykirill/chat-server/internal/service/messages/create.go:14.2,17.16 3 0
github.com/ukrainskykirill/chat-server/internal/service/messages/create.go:17.16,19.3 1 0
github.com/ukrainskykirill/chat-server/internal/service/messages/create.go:20.2,20.12 1 0
github.com/ukrainskykirill/chat-server/internal/service/messages/service.go:13.115,18.2 1 0
github.com/ukrainskykirill/chat-server/internal/api/chats/create.go:12.111,14.16 2 10
github.com/ukrainskykirill/chat-server/internal/api/chats/create.go:14.16,16.3 1 5
github.com/ukrainskykirill/chat-server/internal/api/chats/create.go:18.2,20.8 1 5
github.com/ukrainskykirill/chat-server/internal/api/chats/delete.go:15.104,17.16 2 10
github.com/ukrainskykirill/chat-server/internal/api/chats/delete.go:17.16,18.10 1 5
github.com/ukrainskykirill/chat-server/internal/api/chats/delete.go:19.48,20.57 1 0
github.com/ukrainskykirill/chat-server/internal/api/chats/delete.go:21.11,22.57 1 5
github.com/ukrainskykirill/chat-server/internal/api/chats/delete.go:26.2,26.30 1 5
github.com/ukrainskykirill/chat-server/internal/api/chats/send_message.go:16.114,18.16 2 10
github.com/ukrainskykirill/chat-server/internal/api/chats/send_message.go:18.16,19.10 1 5
github.com/ukrainskykirill/chat-server/internal/api/chats/send_message.go:20.48,21.57 1 0
github.com/ukrainskykirill/chat-server/internal/api/chats/send_message.go:22.52,23.65 1 0
github.com/ukrainskykirill/chat-server/internal/api/chats/send_message.go:24.11,25.57 1 5
github.com/ukrainskykirill/chat-server/internal/api/chats/send_message.go:29.2,29.30 1 5
github.com/ukrainskykirill/chat-server/internal/api/chats/service.go:14.100,19.2 1 30
github.com/ukrainskykirill/chat-server/internal/service/chats/create.go:7.80,11.72 3 0
github.com/ukrainskykirill/chat-server/internal/service/chats/create.go:11.72,14.19 3 0
github.com/ukrainskykirill/chat-server/internal/service/chats/create.go:14.19,16.4 1 0
github.com/ukrainskykirill/chat-server/internal/service/chats/create.go:17.3,18.19 2 0
github.com/ukrainskykirill/chat-server/internal/service/chats/create.go:18.19,20.4 1 0
github.com/ukrainskykirill/chat-server/internal/service/chats/create.go:22.3,22.13 1 0
github.com/ukrainskykirill/chat-server/internal/service/chats/create.go:24.2,24.16 1 0
github.com/ukrainskykirill/chat-server/internal/service/chats/create.go:24.16,26.3 1 0
github.com/ukrainskykirill/chat-server/internal/service/chats/create.go:28.2,28.20 1 0
github.com/ukrainskykirill/chat-server/internal/service/chats/delete.go:7.68,8.72 1 0
github.com/ukrainskykirill/chat-server/internal/service/chats/delete.go:8.72,12.19 3 0
github.com/ukrainskykirill/chat-server/internal/service/chats/delete.go:12.19,14.4 1 0
github.com/ukrainskykirill/chat-server/internal/service/chats/delete.go:16.3,17.19 2 0
github.com/ukrainskykirill/chat-server/internal/service/chats/delete.go:17.19,19.4 1 0
github.com/ukrainskykirill/chat-server/internal/service/chats/delete.go:21.3,22.19 2 0
github.com/ukrainskykirill/chat-server/internal/service/chats/delete.go:22.19,24.4 1 0
github.com/ukrainskykirill/chat-server/internal/service/chats/delete.go:26.3,26.13 1 0
github.com/ukrainskykirill/chat-server/internal/service/chats/delete.go:28.2,28.16 1 0
github.com/ukrainskykirill/chat-server/internal/service/chats/delete.go:28.16,30.3 1 0
github.com/ukrainskykirill/chat-server/internal/service/chats/delete.go:32.2,32.12 1 0
github.com/ukrainskykirill/chat-server/internal/service/chats/service.go:16.136,22.2 1 0
github.com/ukrainskykirill/chat-server/internal/service/messages/create.go:9.82,11.16 2 0
github.com/ukrainskykirill/chat-server/internal/service/messages/create.go:11.16,13.3 1 0
github.com/ukrainskykirill/chat-server/internal/service/messages/create.go:14.2,17.16 3 0
github.com/ukrainskykirill/chat-server/internal/service/messages/create.go:17.16,19.3 1 0
github.com/ukrainskykirill/chat-server/internal/service/messages/create.go:20.2,20.12 1 0
github.com/ukrainskykirill/chat-server/internal/service/messages/service.go:13.115,18.2 1 0
github.com/ukrainskykirill/chat-server/internal/api/chats/create.go:12.111,14.16 2 0
github.com/ukrainskykirill/chat-server/internal/api/chats/create.go:14.16,16.3 1 0
github.com/ukrainskykirill/chat-server/internal/api/chats/create.go:18.2,20.8 1 0
github.com/ukrainskykirill/chat-server/internal/api/chats/delete.go:15.104,17.16 2 0
github.com/ukrainskykirill/chat-server/internal/api/chats/delete.go:17.16,18.10 1 0
github.com/ukrainskykirill/chat-server/internal/api/chats/delete.go:19.48,20.57 1 0
github.com/ukrainskykirill/chat-server/internal/api/chats/delete.go:21.11,22.57 1 0
github.com/ukrainskykirill/chat-server/internal/api/chats/delete.go:26.2,26.30 1 0
github.com/ukrainskykirill/chat-server/internal/api/chats/send_message.go:16.114,18.16 2 0
github.com/ukrainskykirill/chat-server/internal/api/chats/send_message.go:18.16,19.10 1 0
github.com/ukrainskykirill/chat-server/internal/api/chats/send_message.go:20.48,21.57 1 0
github.com/ukrainskykirill/chat-server/internal/api/chats/send_message.go:22.52,23.65 1 0
github.com/ukrainskykirill/chat-server/internal/api/chats/send_message.go:24.11,25.57 1 0
github.com/ukrainskykirill/chat-server/internal/api/chats/send_message.go:29.2,29.30 1 0
github.com/ukrainskykirill/chat-server/internal/api/chats/service.go:14.100,19.2 1 0
github.com/ukrainskykirill/chat-server/internal/service/chats/create.go:7.80,11.72 3 0
github.com/ukrainskykirill/chat-server/internal/service/chats/create.go:11.72,14.19 3 0
github.com/ukrainskykirill/chat-server/internal/service/chats/create.go:14.19,16.4 1 0
github.com/ukrainskykirill/chat-server/internal/service/chats/create.go:17.3,18.19 2 0
github.com/ukrainskykirill/chat-server/internal/service/chats/create.go:18.19,20.4 1 0
github.com/ukrainskykirill/chat-server/internal/service/chats/create.go:22.3,22.13 1 0
github.com/ukrainskykirill/chat-server/internal/service/chats/create.go:24.2,24.16 1 0
github.com/ukrainskykirill/chat-server/internal/service/chats/create.go:24.16,26.3 1 0
github.com/ukrainskykirill/chat-server/internal/service/chats/create.go:28.2,28.20 1 0
github.com/ukrainskykirill/chat-server/internal/service/chats/delete.go:7.68,8.72 1 0
github.com/ukrainskykirill/chat-server/internal/service/chats/delete.go:8.72,12.19 3 0
github.com/ukrainskykirill/chat-server/internal/service/chats/delete.go:12.19,14.4 1 0
github.com/ukrainskykirill/chat-server/internal/service/chats/delete.go:16.3,17.19 2 0
github.com/ukrainskykirill/chat-server/internal/service/chats/delete.go:17.19,19.4 1 0
github.com/ukrainskykirill/chat-server/internal/service/chats/delete.go:21.3,22.19 2 0
github.com/ukrainskykirill/chat-server/internal/service/chats/delete.go:22.19,24.4 1 0
github.com/ukrainskykirill/chat-server/internal/service/chats/delete.go:26.3,26.13 1 0
github.com/ukrainskykirill/chat-server/internal/service/chats/delete.go:28.2,28.16 1 0
github.com/ukrainskykirill/chat-server/internal/service/chats/delete.go:28.16,30.3 1 0
github.com/ukrainskykirill/chat-server/internal/service/chats/delete.go:32.2,32.12 1 0
github.com/ukrainskykirill/chat-server/internal/service/chats/service.go:16.136,22.2 1 0
github.com/ukrainskykirill/chat-server/internal/service/messages/create.go:9.82,11.16 2 15
github.com/ukrainskykirill/chat-server/internal/service/messages/create.go:11.16,13.3 1 5
github.com/ukrainskykirill/chat-server/internal/service/messages/create.go:14.2,17.16 3 10
github.com/ukrainskykirill/chat-server/internal/service/messages/create.go:17.16,19.3 1 5
github.com/ukrainskykirill/chat-server/internal/service/messages/create.go:20.2,20.12 1 5
github.com/ukrainskykirill/chat-server/internal/service/messages/service.go:13.115,18.2 1 15
